<?xml version="1.0" encoding="utf-8"?><testsuites name="pytest tests"><testsuite name="pytest" errors="0" failures="0" skipped="0" tests="272" time="56.919" timestamp="2026-08-25T14:32:07.905720+08:00" hostname="CYJHX59G7X"><testcase classname="tests.agentic.test_agent_components" name="test_golden_dataset_has_expected_size_and_categories" time="0.002" /><testcase classname="tests.agentic.test_agent_components" name="test_router_parses_fenced_book_qa_response" time="0.002" /><testcase classname="tests.agentic.test_agent_components" name="test_router_parses_english_casual_response" time="0.001" /><testcase classname="tests.agentic.test_agent_components" name="test_router_defaults_missing_intent_to_book_qa" time="0.000" /><testcase classname="tests.agentic.test_agent_components" name="test_router_rejects_unknown_intent" time="0.000" /><testcase classname="tests.agentic.test_agent_components" name="test_router_falls_back_on_invalid_json" time="0.001" /><testcase classname="tests.agentic.test_agent_components" name="test_router_falls_back_on_llm_error" time="0.000" /><testcase classname="tests.agentic.test_agent_components" name="test_followup_parses_fenced_json_and_limits_output" time="0.000" /><testcase classname="tests.agentic.test_agent_components" name="test_followup_rejects_non_list_json" time="0.000" /><testcase classname="tests.agentic.test_agent_components" name="test_followup_generate_uses_localized_prompt" time="0.000" /><testcase classname="tests.agentic.test_agent_components" name="test_followup_generate_returns_empty_list_on_error" time="0.000" /><testcase classname="tests.agentic.test_agent_components" name="test_followup_agenerate_returns_questions" time="0.000" /><testcase classname="tests.agentic.test_agent_components" name="test_followup_agenerate_returns_empty_list_on_error" time="0.000" /><testcase classname="tests.agentic.test_agent_components" name="test_critic_hides_pass_result" time="0.001" /><testcase classname="tests.agentic.test_agent_components" name="test_critic_streams_review_note_and_formats_newlines" time="0.001" /><testcase classname="tests.agentic.test_agent_components" name="test_critic_reports_failure_without_raising" time="0.001" /><testcase classname="tests.agentic.test_agent_workflow" name="test_build_system_message_includes_runtime_context" time="0.000" /><testcase classname="tests.agentic.test_agent_workflow" name="test_build_system_message_is_empty_without_context" time="0.000" /><testcase classname="tests.agentic.test_agent_workflow" name="test_deepread_run_uses_conversation_thread_and_returns_citations" time="0.001" /><testcase classname="tests.agentic.test_agent_workflow" name="test_deepread_stream_translates_agent_events_and_returns_evidence" time="0.001" /><testcase classname="tests.agentic.test_agent_workflow" name="test_deepread_history_operations_delegate_to_checkpoint_store" time="0.000" /><testcase classname="tests.agents.test_note_agent.TestProcessQA" name="test_returns_note_entry" time="0.017" /><testcase classname="tests.agents.test_note_agent.TestProcessQA" name="test_returns_none_when_no_book_title" time="0.048" /><testcase classname="tests.agents.test_note_agent.TestProcessQA" name="test_returns_none_on_llm_failure" time="0.017" /><testcase classname="tests.agents.test_note_agent.TestProcessQA" name="test_invokes_agent_executor" time="0.014" /><testcase classname="tests.agents.test_note_agent.TestProcessQA" name="test_updates_note_catalog_when_book_id_is_provided" time="0.014" /><testcase classname="tests.api.test_admin_api" name="test_member_cannot_access_admin_route" time="0.026" /><testcase classname="tests.api.test_admin_api" name="test_admin_route_reachable_with_override" time="0.006" /><testcase classname="tests.api.test_books_api" name="test_list_books_accepts_datetime_added_at" time="0.022" /><testcase classname="tests.api.test_books_api" name="test_books_router_imports_without_neo4j_dependency" time="0.007" /><testcase classname="tests.api.test_chat_integration" name="test_chat_endpoint_runs_agent_memory_notes_and_followups" time="0.035" /><testcase classname="tests.api.test_chat_integration" name="test_chat_endpoint_blocks_unsafe_input_before_agent_execution" time="0.007" /><testcase classname="tests.api.test_chat_integration" name="test_streaming_chat_covers_router_deepread_critic_note_memory_and_followup" time="0.009" /><testcase classname="tests.api.test_chat_integration" name="test_streaming_chat_reports_agent_failure_without_side_effects" time="0.007" /><testcase classname="tests.api.test_chat_integration" name="test_chat_history_endpoints_delegate_to_agent_contract" time="0.009" /><testcase classname="tests.api.test_conversations_api" name="test_create_and_list_conversations" time="0.021" /><testcase classname="tests.api.test_health_api" name="test_healthz_returns_ok" time="0.014" /><testcase classname="tests.api.test_health_api" name="test_responses_include_security_headers" time="0.002" /><testcase classname="tests.api.test_health_api" name="test_settings_parses_cors_allow_origins" time="0.007" /><testcase classname="tests.api.test_health_api" name="test_settings_uses_localhost_cors_defaults" time="0.006" /><testcase classname="tests.api.test_health_api" name="test_knowledge_graph_is_disabled_by_default" time="0.006" /><testcase classname="tests.auth.test_auth_api" name="test_auth_settings_fields_exist" time="0.006" /><testcase classname="tests.auth.test_auth_api" name="test_password_hash_and_verify" time="0.092" /><testcase classname="tests.auth.test_auth_api" name="test_access_token_roundtrip" time="0.013" /><testcase classname="tests.auth.test_auth_api" name="test_auth_router_mounts" time="0.004" /><testcase classname="tests.auth.test_auth_api" name="test_refresh_endpoints_reject_malformed_tokens[/auth/refresh]" time="0.025" /><testcase classname="tests.auth.test_auth_api" name="test_refresh_endpoints_reject_malformed_tokens[/auth/logout]" time="0.013" /><testcase classname="tests.auth.test_auth_api" name="test_refresh_endpoints_reject_malformed_tokens[/auth/logout-all]" time="0.012" /><testcase classname="tests.graph.test_graph_extractors" name="test_graph_normalization_helpers_cover_invalid_duplicates_and_aliases" time="0.000" /><testcase classname="tests.graph.test_graph_extractors" name="test_invoke_json_llm_parses_supported_response_shapes[{&quot;concepts&quot;:[&quot;\u81ea\u7531&quot;]}-expected0]" time="0.001" /><testcase classname="tests.graph.test_graph_extractors" name="test_invoke_json_llm_parses_supported_response_shapes[```json\n{&quot;characters&quot;:[&quot;\u5eb7\u5fb7&quot;]}\n```-expected1]" time="0.001" /><testcase classname="tests.graph.test_graph_extractors" name="test_invoke_json_llm_parses_supported_response_shapes[prefix {&quot;events&quot;:[&quot;\u76f8\u9047&quot;]} suffix-expected2]" time="0.001" /><testcase classname="tests.graph.test_graph_extractors" name="test_invoke_json_llm_parses_supported_response_shapes[content3-expected3]" time="0.001" /><testcase classname="tests.graph.test_graph_extractors" name="test_invoke_json_llm_retries_transient_errors_and_stops_on_invalid_output" time="0.001" /><testcase classname="tests.graph.test_graph_extractors" name="test_graph_prompt_helpers_and_chapter_rows" time="0.000" /><testcase classname="tests.graph.test_graph_extractors" name="test_parallel_ner_re_and_character_fallback" time="0.001" /><testcase classname="tests.graph.test_graph_extractors" name="test_build_graph_payloads_normalizes_complete_llm_result" time="0.000" /><testcase classname="tests.graph.test_graph_extractors" name="test_hanlp_client_initialization_and_cache" time="0.001" /><testcase classname="tests.graph.test_graph_extractors" name="test_hanlp_parsing_split_and_error_helpers" time="0.000" /><testcase classname="tests.graph.test_graph_extractors" name="test_hanlp_entity_extraction_primary_fallback_error_and_exception" time="0.001" /><testcase classname="tests.graph.test_graph_extractors" name="test_hanlp_parallel_runner_and_disabled_llm_fallback" time="0.000" /><testcase classname="tests.graph.test_neo4j_store" name="test_init_handles_disabled_and_connected_configurations" time="0.001" /><testcase classname="tests.graph.test_neo4j_store" name="test_book_write_delete_and_graph_orchestration" time="0.001" /><testcase classname="tests.graph.test_neo4j_store" name="test_prepare_payloads_collects_and_merges_relationships" time="0.000" /><testcase classname="tests.graph.test_neo4j_store" name="test_cypher_layers_execute_expected_queries" time="0.000" /><testcase classname="tests.graph.test_neo4j_store" name="test_schema_text_pair_and_title_helpers" time="0.002" /><testcase classname="tests.graph.test_neo4j_store" name="test_graph_retrieval_and_multihop_helpers" time="0.001" /><testcase classname="tests.graph.test_neo4j_store" name="test_vector_embedding_and_entity_helpers" time="0.001" /><testcase classname="tests.graph.test_neo4j_store" name="test_chapter_grouping_build_payloads_and_singleton" time="0.000" /><testcase classname="tests.rag.test_chroma_store.TestIngestResult" name="test_str_contains_filename" time="0.000" /><testcase classname="tests.rag.test_chroma_store.TestIngestResult" name="test_str_contains_counts" time="0.000" /><testcase classname="tests.rag.test_chroma_store.TestIngestResult" name="test_str_contains_collection_name" time="0.000" /><testcase classname="tests.rag.test_chroma_store.TestChunkToDocument" name="test_page_content_equals_chunk_text" time="0.000" /><testcase classname="tests.rag.test_chroma_store.TestChunkToDocument" name="test_metadata_source" time="0.000" /><testcase classname="tests.rag.test_chroma_store.TestChunkToDocument" name="test_section_indices_serialized_as_string" time="0.000" /><testcase classname="tests.rag.test_chroma_store.TestChunkToDocument" name="test_single_index_serialized" time="0.000" /><testcase classname="tests.rag.test_chroma_store.TestChunkToDocument" name="test_empty_section_indices" time="0.000" /><testcase classname="tests.rag.test_chroma_store.TestChunkToDocument" name="test_metadata_keys_present" time="0.000" /><testcase classname="tests.rag.test_chroma_store.TestChunkToDocument" name="test_chunk_id_in_metadata" time="0.000" /><testcase classname="tests.rag.test_chroma_store.TestChunkToDocument" name="test_char_count_in_metadata" time="0.000" /><testcase classname="tests.rag.test_chroma_store.TestChunkToDocument" name="test_book_title_author_in_metadata" time="0.000" /><testcase classname="tests.rag.test_chroma_store.TestChunkToDocument" name="test_all_metadata_values_are_primitive" time="0.000" /><testcase classname="tests.rag.test_chroma_store.TestIngestChunks" name="test_returns_ingest_result" time="0.016" /><testcase classname="tests.rag.test_chroma_store.TestIngestChunks" name="test_added_equals_total_when_no_existing" time="0.008" /><testcase classname="tests.rag.test_chroma_store.TestIngestChunks" name="test_add_documents_called" time="0.008" /><testcase classname="tests.rag.test_chroma_store.TestIngestChunks" name="test_ids_passed_to_add_documents" time="0.009" /><testcase classname="tests.rag.test_chroma_store.TestIngestChunks" name="test_empty_chunks_returns_zero_added" time="0.008" /><testcase classname="tests.rag.test_chroma_store.TestIngestChunks" name="test_source_in_result" time="0.009" /><testcase classname="tests.rag.test_chroma_store.TestIngestChunks" name="test_collection_name_in_result" time="0.009" /><testcase classname="tests.rag.test_chroma_store.TestIngestChunksDedup" name="test_all_skipped_when_all_existing" time="0.009" /><testcase classname="tests.rag.test_chroma_store.TestIngestChunksDedup" name="test_partial_skip" time="0.009" /><testcase classname="tests.rag.test_chroma_store.TestIngestChunksDedup" name="test_skip_existing_false_ignores_dedup" time="0.010" /><testcase classname="tests.rag.test_chroma_store.TestIngestChunksBatching" name="test_batched_add_documents_calls" time="0.009" /><testcase classname="tests.rag.test_chroma_store.TestIngestChunksBatching" name="test_each_batch_ids_are_correct" time="0.009" /><testcase classname="tests.rag.test_chroma_store.TestDeleteSource" name="test_returns_count_of_deleted" time="0.011" /><testcase classname="tests.rag.test_chroma_store.TestDeleteSource" name="test_collection_delete_called_with_ids" time="0.009" /><testcase classname="tests.rag.test_chroma_store.TestDeleteSource" name="test_no_delete_when_no_matching_ids" time="0.009" /><testcase classname="tests.rag.test_chroma_store.TestDeleteSource" name="test_where_filter_uses_source" time="0.009" /><testcase classname="tests.rag.test_chroma_store.TestSimilaritySearch" name="test_delegates_to_db" time="0.009" /><testcase classname="tests.rag.test_chroma_store.TestSimilaritySearch" name="test_k_passed_through" time="0.009" /><testcase classname="tests.rag.test_chroma_store.TestSimilaritySearch" name="test_filter_passed_through" time="0.009" /><testcase classname="tests.rag.test_chroma_store.TestSimilaritySearchWithScore" name="test_delegates_to_db" time="0.010" /><testcase classname="tests.rag.test_chroma_store.TestSimilaritySearchWithScore" name="test_k_and_filter_passed_through" time="0.010" /><testcase classname="tests.rag.test_chroma_store.TestAsRetriever" name="test_returns_object" time="0.009" /><testcase classname="tests.rag.test_chroma_store.TestAsRetriever" name="test_delegates_kwargs_to_db" time="0.009" /><testcase classname="tests.rag.test_chroma_store.TestGetStats" name="test_returns_dict" time="0.009" /><testcase classname="tests.rag.test_chroma_store.TestGetStats" name="test_total_chunks_field" time="0.010" /><testcase classname="tests.rag.test_chroma_store.TestGetStats" name="test_collection_name_field" time="0.009" /><testcase classname="tests.rag.test_chroma_store.TestGetStats" name="test_persist_directory_field" time="0.009" /><testcase classname="tests.rag.test_chroma_store.TestListSources" name="test_returns_sorted_unique_sources" time="0.010" /><testcase classname="tests.rag.test_chroma_store.TestListSources" name="test_empty_source_excluded" time="0.009" /><testcase classname="tests.rag.test_chroma_store.TestListSources" name="test_empty_collection_returns_empty_list" time="0.009" /><testcase classname="tests.rag.test_chroma_store.TestListSources" name="test_none_metadatas_handled" time="0.009" /><testcase classname="tests.rag.test_chroma_store.TestIngest" name="test_calls_pipeline_in_order" time="0.011" /><testcase classname="tests.rag.test_chroma_store.TestIngest" name="test_returns_ingest_result" time="0.012" /><testcase classname="tests.rag.test_chroma_store.TestResolveDb" name="test_same_collection_returns_default_db" time="0.008" /><testcase classname="tests.rag.test_chroma_store.TestResolveDb" name="test_none_returns_default_db" time="0.008" /><testcase classname="tests.rag.test_chroma_store.TestResolveDb" name="test_different_collection_creates_new_db" time="0.009" /><testcase classname="tests.rag.test_chroma_store.TestWhereNormalization" name="test_normalize_where_keeps_single_field" time="0.000" /><testcase classname="tests.rag.test_chroma_store.TestWhereNormalization" name="test_normalize_where_wraps_multi_fields_with_and" time="0.000" /><testcase classname="tests.rag.test_chroma_store.TestBookId" name="test_chunk_to_document_includes_book_id" time="0.000" /><testcase classname="tests.rag.test_chroma_store.TestBookId" name="test_chunk_to_document_default_book_id_empty" time="0.000" /><testcase classname="tests.rag.test_chroma_store.TestBookId" name="test_ingest_returns_correct_book_id" time="0.009" /><testcase classname="tests.rag.test_chroma_store.TestBookId" name="test_ingest_same_file_produces_same_book_id" time="0.010" /><testcase classname="tests.rag.test_chroma_store.TestBookId" name="test_ingest_chunks_returns_book_id" time="0.008" /><testcase classname="tests.rag.test_chroma_store.TestBookId" name="test_list_book_titles_includes_book_id" time="0.008" /><testcase classname="tests.rag.test_chroma_store.TestBookId" name="test_resolve_book_by_id_returns_entry" time="0.008" /><testcase classname="tests.rag.test_chroma_store.TestBookId" name="test_resolve_book_by_id_returns_none_for_unknown" time="0.009" /><testcase classname="tests.rag.test_epub_extractor.TestEpubExtractorMetadata" name="test_extract_returns_book_content" time="0.056" /><testcase classname="tests.rag.test_epub_extractor.TestEpubExtractorMetadata" name="test_metadata_title" time="0.002" /><testcase classname="tests.rag.test_epub_extractor.TestEpubExtractorMetadata" name="test_metadata_author" time="0.002" /><testcase classname="tests.rag.test_epub_extractor.TestEpubExtractorMetadata" name="test_metadata_language" time="0.002" /><testcase classname="tests.rag.test_epub_extractor.TestEpubExtractorMetadata" name="test_get_metadata_standalone" time="0.001" /><testcase classname="tests.rag.test_epub_extractor.TestEpubExtractorMetadata" name="test_source_path" time="0.002" /><testcase classname="tests.rag.test_epub_extractor.TestEpubExtractorSections" name="test_section_count" time="0.002" /><testcase classname="tests.rag.test_epub_extractor.TestEpubExtractorSections" name="test_section_indices_sequential" time="0.002" /><testcase classname="tests.rag.test_epub_extractor.TestEpubExtractorSections" name="test_section_text_not_empty" time="0.002" /><testcase classname="tests.rag.test_epub_extractor.TestEpubExtractorSections" name="test_section_source_href" time="0.002" /><testcase classname="tests.rag.test_epub_extractor.TestEpubExtractorSections" name="test_h1_marked_as_heading" time="0.002" /><testcase classname="tests.rag.test_epub_extractor.TestEpubExtractorSections" name="test_h2_marked_as_heading" time="0.002" /><testcase classname="tests.rag.test_epub_extractor.TestEpubExtractorSections" name="test_paragraph_not_marked_as_heading" time="0.002" /><testcase classname="tests.rag.test_epub_extractor.TestEpubExtractorSections" name="test_block_type_always_zero" time="0.002" /><testcase classname="tests.rag.test_epub_extractor.TestEpubExtractorTOC" name="test_toc_not_empty" time="0.002" /><testcase classname="tests.rag.test_epub_extractor.TestEpubExtractorTOC" name="test_toc_entry_structure" time="0.002" /><testcase classname="tests.rag.test_epub_extractor.TestEpubExtractorTOC" name="test_toc_level1_entries" time="0.002" /><testcase classname="tests.rag.test_epub_extractor.TestEpubExtractorTOC" name="test_toc_level2_entries" time="0.002" /><testcase classname="tests.rag.test_epub_extractor.TestEpubExtractorTOC" name="test_toc_section_index_valid" time="0.002" /><testcase classname="tests.rag.test_epub_extractor.TestEpubExtractorEdgeCases" name="test_file_not_found" time="0.002" /><testcase classname="tests.rag.test_epub_extractor.TestEpubExtractorEdgeCases" name="test_wrong_extension" time="0.002" /><testcase classname="tests.rag.test_epub_extractor.TestEpubExtractorEdgeCases" name="test_empty_chapter_preserved" time="0.014" /><testcase classname="tests.rag.test_epub_extractor.TestBuildSectionMap" name="test_empty_toc_returns_empty_titles" time="0.000" /><testcase classname="tests.rag.test_epub_extractor.TestBuildSectionMap" name="test_chapter_title_assigned" time="0.000" /><testcase classname="tests.rag.test_epub_extractor.TestBuildSectionMap" name="test_section_title_tracks_most_recent_entry" time="0.000" /><testcase classname="tests.rag.test_epub_extractor.TestBuildSectionMap" name="test_entry_beyond_total_sections_skipped" time="0.000" /><testcase classname="tests.rag.test_retriever.TestBM25Retriever" name="test_search_returns_k_results" time="29.385" /><testcase classname="tests.rag.test_retriever.TestBM25Retriever" name="test_search_returns_doc_score_tuples" time="0.001" /><testcase classname="tests.rag.test_retriever.TestBM25Retriever" name="test_search_ranks_relevant_higher" time="0.001" /><testcase classname="tests.rag.test_retriever.TestBM25Retriever" name="test_search_k_larger_than_corpus" time="0.001" /><testcase classname="tests.rag.test_retriever.TestBM25Retriever" name="test_search_empty_corpus" time="0.000" /><testcase classname="tests.rag.test_retriever.TestTokenize" name="test_tokenize_returns_list" time="0.000" /><testcase classname="tests.rag.test_retriever.TestTokenize" name="test_tokenize_non_empty" time="0.000" /><testcase classname="tests.rag.test_retriever.TestQueryRewriter" name="test_rewrite_returns_llm_output" time="0.001" /><testcase classname="tests.rag.test_retriever.TestQueryRewriter" name="test_rewrite_strips_whitespace" time="0.001" /><testcase classname="tests.rag.test_retriever.TestQueryRewriter" name="test_rewrite_falls_back_on_llm_error" time="0.001" /><testcase classname="tests.rag.test_retriever.TestQueryRewriter" name="test_rewrite_calls_llm_once" time="0.001" /><testcase classname="tests.rag.test_retriever.TestParseScores" name="test_parses_standard_format" time="0.001" /><testcase classname="tests.rag.test_retriever.TestParseScores" name="test_parses_chinese_colon" time="0.000" /><testcase classname="tests.rag.test_retriever.TestParseScores" name="test_out_of_range_index_ignored" time="0.000" /><testcase classname="tests.rag.test_retriever.TestParseScores" name="test_missing_entries_default_to_zero" time="0.000" /><testcase classname="tests.rag.test_retriever.TestLLMReranker" name="test_rerank_returns_top_k" time="0.001" /><testcase classname="tests.rag.test_retriever.TestLLMReranker" name="test_rerank_sorts_by_score_desc" time="0.001" /><testcase classname="tests.rag.test_retriever.TestLLMReranker" name="test_rerank_passthrough_when_docs_le_top_k" time="0.000" /><testcase classname="tests.rag.test_retriever.TestLLMReranker" name="test_rerank_fallback_on_llm_error" time="0.001" /><testcase classname="tests.rag.test_retriever.TestRRFFusion" name="test_single_list" time="0.000" /><testcase classname="tests.rag.test_retriever.TestRRFFusion" name="test_two_lists_agree" time="0.000" /><testcase classname="tests.rag.test_retriever.TestRRFFusion" name="test_two_lists_disagree_boosts_second_list_top" time="0.000" /><testcase classname="tests.rag.test_retriever.TestRRFFusion" name="test_empty_lists_return_empty" time="0.000" /><testcase classname="tests.rag.test_retriever.TestRRFFusion" name="test_doc_only_in_one_list" time="0.000" /><testcase classname="tests.rag.test_retriever.TestHybridRetriever" name="test_search_returns_documents" time="0.001" /><testcase classname="tests.rag.test_retriever.TestHybridRetriever" name="test_search_respects_final_k" time="0.002" /><testcase classname="tests.rag.test_retriever.TestHybridRetriever" name="test_search_passes_filter_to_vector" time="0.001" /><testcase classname="tests.rag.test_retriever.TestHybridRetriever" name="test_bm25_index_built_from_get_all_documents" time="0.001" /><testcase classname="tests.rag.test_retriever.TestHybridRetriever" name="test_bm25_lazy_loaded_only_once" time="0.001" /><testcase classname="tests.rag.test_retriever.TestHybridRetriever" name="test_search_with_query_rewrite" time="0.001" /><testcase classname="tests.rag.test_retriever.TestHybridRetriever" name="test_search_deduplicates_docs" time="0.001" /><testcase classname="tests.rag.test_retriever.TestHybridRetriever" name="test_search_empty_results_returns_empty" time="0.000" /><testcase classname="tests.rag.test_text_chunker.TestChunkSection" name="test_returns_list_of_text_chunks" time="0.000" /><testcase classname="tests.rag.test_text_chunker.TestChunkSection" name="test_empty_section_returns_empty_list" time="0.004" /><testcase classname="tests.rag.test_text_chunker.TestChunkSection" name="test_section_indices_correct" time="0.000" /><testcase classname="tests.rag.test_text_chunker.TestChunkSection" name="test_chapter_title_carried_in_metadata" time="0.000" /><testcase classname="tests.rag.test_text_chunker.TestChunkSection" name="test_toc_section_title_fallback" time="0.000" /><testcase classname="tests.rag.test_text_chunker.TestChunkSection" name="test_chunk_id_is_sha256_prefix" time="0.000" /><testcase classname="tests.rag.test_text_chunker.TestChunkSection" name="test_chinese_not_split_mid_sentence" time="0.000" /><testcase classname="tests.rag.test_text_chunker.TestChunkContent" name="test_all_sections_chunked" time="0.000" /><testcase classname="tests.rag.test_text_chunker.TestChunkContent" name="test_chunk_indices_sequential" time="0.000" /><testcase classname="tests.rag.test_text_chunker.TestChunkContent" name="test_book_title_in_metadata" time="0.000" /><testcase classname="tests.rag.test_text_chunker.TestChunkContent" name="test_author_in_metadata" time="0.000" /><testcase classname="tests.rag.test_text_chunker.TestChunkContent" name="test_section_indices_present" time="0.000" /><testcase classname="tests.rag.test_text_chunker.TestChunkText" name="test_basic" time="0.000" /><testcase classname="tests.rag.test_text_chunker.TestChunkText" name="test_section_indices_passed_through" time="0.000" /><testcase classname="tests.rag.test_text_chunker.TestChunkMeta" name="test_to_dict_keys" time="0.000" /><testcase classname="tests.rag.test_text_chunker.TestFulltextMode" name="test_fulltext_chunks_cover_all_sections" time="0.000" /><testcase classname="tests.rag.test_text_cleaner.TestCleanSection" name="test_returns_cleaned_section" time="0.001" /><testcase classname="tests.rag.test_text_cleaner.TestCleanSection" name="test_section_index_preserved" time="0.000" /><testcase classname="tests.rag.test_text_cleaner.TestCleanSection" name="test_text_not_empty_for_non_empty_section" time="0.000" /><testcase classname="tests.rag.test_text_cleaner.TestCleanSection" name="test_source_section_reference" time="0.000" /><testcase classname="tests.rag.test_text_cleaner.TestCleanSection" name="test_chapter_title_empty_when_called_standalone" time="0.000" /><testcase classname="tests.rag.test_text_cleaner.TestCleanSection" name="test_blocks_have_start_offset" time="0.000" /><testcase classname="tests.rag.test_text_cleaner.TestCleanSection" name="test_noise_blocks_filtered" time="0.000" /><testcase classname="tests.rag.test_text_cleaner.TestCleanSection" name="test_page_number_lines_removed" time="0.000" /><testcase classname="tests.rag.test_text_cleaner.TestCleanContent" name="test_returns_cleaned_book_content" time="0.000" /><testcase classname="tests.rag.test_text_cleaner.TestCleanContent" name="test_section_count_preserved" time="0.000" /><testcase classname="tests.rag.test_text_cleaner.TestCleanContent" name="test_chapter_title_from_toc" time="0.000" /><testcase classname="tests.rag.test_text_cleaner.TestCleanContent" name="test_section_title_tracks_fine_grained_toc" time="0.000" /><testcase classname="tests.rag.test_text_cleaner.TestCleanContent" name="test_second_section_chapter_title" time="0.000" /><testcase classname="tests.rag.test_text_cleaner.TestCleanContent" name="test_no_toc_gives_empty_titles" time="0.000" /><testcase classname="tests.rag.test_text_cleaner.TestCleanContent" name="test_source_preserved" time="0.000" /><testcase classname="tests.rag.test_text_cleaner.TestCleanContent" name="test_full_text_property" time="0.000" /><testcase classname="tests.rag.test_text_cleaner.TestCleanConfig" name="test_default_config_has_no_header_footer_fields" time="0.000" /><testcase classname="tests.security.test_security.TestInputSafetyFilter" name="test_prompt_injection_defense" time="0.025" /><testcase classname="tests.security.test_security.TestInputSafetyFilter" name="test_secrets_leakage_defense" time="0.013" /><testcase classname="tests.security.test_security.TestInputSafetyFilter" name="test_filesystem_access_defense" time="0.019" /><testcase classname="tests.security.test_security.TestInputSafetyFilter" name="test_code_execution_defense" time="0.020" /><testcase classname="tests.security.test_security.TestInputSafetyFilter" name="test_offtopic_soft_warning" time="0.029" /><testcase classname="tests.security.test_security.TestInputSafetyFilter" name="test_normal_safe_input" time="0.037" /><testcase classname="tests.services.test_external_tools" name="test_notion_client_cache_and_page_operations" time="0.003" /><testcase classname="tests.services.test_external_tools" name="test_notion_block_to_markdown[block0-# H1]" time="0.000" /><testcase classname="tests.services.test_external_tools" name="test_notion_block_to_markdown[block1-## H2]" time="0.000" /><testcase classname="tests.services.test_external_tools" name="test_notion_block_to_markdown[block2-### H3]" time="0.000" /><testcase classname="tests.services.test_external_tools" name="test_notion_block_to_markdown[block3-- item]" time="0.000" /><testcase classname="tests.services.test_external_tools" name="test_notion_block_to_markdown[block4-1. item]" time="0.000" /><testcase classname="tests.services.test_external_tools" name="test_notion_block_to_markdown[block5-&gt; quote]" time="0.000" /><testcase classname="tests.services.test_external_tools" name="test_notion_block_to_markdown[block6-```python\nx=1\n```]" time="0.000" /><testcase classname="tests.services.test_external_tools" name="test_notion_block_to_markdown[block7----]" time="0.000" /><testcase classname="tests.services.test_external_tools" name="test_notion_block_to_markdown[block8-text]" time="0.000" /><testcase classname="tests.services.test_external_tools" name="test_notion_read_append_and_markdown_conversion" time="0.001" /><testcase classname="tests.services.test_external_tools" name="test_notion_langchain_tools_cover_success_and_failure_paths" time="0.001" /><testcase classname="tests.services.test_external_tools" name="test_mem0_initialization_cloud_fallback_and_local" time="0.001" /><testcase classname="tests.services.test_external_tools" name="test_mem0_search_shapes_and_write_operations[raw0-expected0]" time="0.001" /><testcase classname="tests.services.test_external_tools" name="test_mem0_search_shapes_and_write_operations[raw1-expected1]" time="0.001" /><testcase classname="tests.services.test_external_tools" name="test_mem0_search_shapes_and_write_operations[raw2-expected2]" time="0.001" /><testcase classname="tests.services.test_external_tools" name="test_mem0_search_shapes_and_write_operations[unexpected-expected3]" time="0.002" /><testcase classname="tests.services.test_external_tools" name="test_mem0_disabled_and_errors_degrade_safely" time="0.001" /><testcase classname="tests.storage.test_checkpoint_store" name="test_build_thread_id_uses_conversation_id" time="0.000" /><testcase classname="tests.storage.test_checkpoint_store" name="test_create_sync_checkpointer_requires_postgres_dsn" time="0.000" /><testcase classname="tests.storage.test_checkpoint_store" name="test_create_sync_checkpointer_uses_postgres_when_dsn_present" time="0.000" /><testcase classname="tests.storage.test_checkpoint_store" name="test_create_sync_checkpointer_uses_database_url" time="0.000" /><testcase classname="tests.storage.test_checkpoint_store" name="test_create_async_checkpointer_uses_postgres_when_dsn_present" time="0.001" /><testcase classname="tests.storage.test_checkpoint_store" name="test_get_chat_history_normalizes_messages" time="0.000" /><testcase classname="tests.storage.test_checkpoint_store" name="test_clear_chat_history_deletes_thread" time="0.000" /><testcase classname="tests.storage.test_checkpoint_store" name="test_add_ai_message_updates_state_with_agent_builder" time="0.000" /><testcase classname="tests.storage.test_checkpoint_store" name="test_add_ai_message_without_agent_builder_is_tolerated" time="0.000" /><testcase classname="tests.storage.test_postgres_catalog" name="test_build_postgres_dsn_from_components" time="0.006" /><testcase classname="tests.storage.test_postgres_catalog" name="test_build_postgres_dsn_prefers_explicit_value" time="0.006" /><testcase classname="tests.storage.test_postgres_catalog" name="test_build_postgres_dsn_uses_database_url" time="0.007" /><testcase classname="tests.storage.test_postgres_catalog" name="test_get_postgres_catalog_config_returns_normalized_schema" time="0.007" /><testcase classname="tests.storage.test_postgres_catalog" name="test_render_catalog_schema_ddl_targets_schema" time="0.000" /><testcase classname="tests.storage.test_postgres_catalog" name="test_render_catalog_schema_ddl_rejects_empty_schema" time="0.000" /><testcase classname="tests.storage.test_postgres_catalog" name="test_book_catalog_add_upserts_by_source_and_commits" time="0.000" /><testcase classname="tests.storage.test_postgres_catalog" name="test_book_catalog_getters_and_delete_use_postgres_placeholders" time="0.000" /><testcase classname="tests.storage.test_postgres_catalog" name="test_book_catalog_update_progress_sets_completed_status_at_one" time="0.000" /><testcase classname="tests.storage.test_postgres_catalog" name="test_book_catalog_update_status_uses_supplied_status" time="0.000" /><testcase classname="tests.storage.test_postgres_catalog" name="test_book_catalog_rolls_back_and_reraises_on_write_error" time="0.000" /><testcase classname="tests.storage.test_postgres_catalog" name="test_note_catalog_upsert_and_touch_use_postgres_sql" time="0.000" /><testcase classname="tests.storage.test_postgres_catalog" name="test_note_catalog_getters_and_delete_return_rows" time="0.000" /><testcase classname="tests.storage.test_postgres_catalog" name="test_book_catalog_module_compatibility_exports_postgres_repositories" time="0.000" /><testcase classname="tests.storage.test_simple_catalogs_and_oss" name="test_user_catalog_crud_closes_connections" time="0.000" /><testcase classname="tests.storage.test_simple_catalogs_and_oss" name="test_conversation_catalog_create_list_and_get" time="0.000" /><testcase classname="tests.storage.test_simple_catalogs_and_oss" name="test_audit_log_write_and_list" time="0.000" /><testcase classname="tests.storage.test_simple_catalogs_and_oss" name="test_oss_uri_helpers" time="0.000" /><testcase classname="tests.storage.test_simple_catalogs_and_oss" name="test_oss_client_disabled_and_enabled_operations" time="0.003" /><testcase classname="tests.storage.test_simple_catalogs_and_oss" name="test_oss_client_errors_and_cached_factory" time="0.005" /></testsuite></testsuites>