<?xml version="1.0" encoding="utf-8"?><testsuites name="pytest tests"><testsuite name="pytest" errors="0" failures="0" skipped="0" tests="161" time="40.798" timestamp="2026-04-23T20:02:13.689787+08:00" hostname="CYJHX59G7X"><testcase classname="tests.agents.test_note_agent.TestProcessQA" name="test_returns_note_entry" time="0.011" /><testcase classname="tests.agents.test_note_agent.TestProcessQA" name="test_returns_none_when_no_book_title" time="0.009" /><testcase classname="tests.agents.test_note_agent.TestProcessQA" name="test_returns_none_on_llm_failure" time="0.008" /><testcase classname="tests.agents.test_note_agent.TestProcessQA" name="test_invokes_agent_executor" time="0.005" /><testcase classname="tests.agents.test_note_agent.TestProcessQA" name="test_calls_vector_store_when_provided" time="0.000" /><testcase classname="tests.rag.test_chroma_store.TestIngestResult" name="test_str_contains_filename" time="0.001" /><testcase classname="tests.rag.test_chroma_store.TestIngestResult" name="test_str_contains_counts" time="0.000" /><testcase classname="tests.rag.test_chroma_store.TestIngestResult" name="test_str_contains_collection_name" time="0.000" /><testcase classname="tests.rag.test_chroma_store.TestChunkToDocument" name="test_page_content_equals_chunk_text" time="0.000" /><testcase classname="tests.rag.test_chroma_store.TestChunkToDocument" name="test_metadata_source" time="0.000" /><testcase classname="tests.rag.test_chroma_store.TestChunkToDocument" name="test_section_indices_serialized_as_string" time="0.000" /><testcase classname="tests.rag.test_chroma_store.TestChunkToDocument" name="test_single_index_serialized" time="0.000" /><testcase classname="tests.rag.test_chroma_store.TestChunkToDocument" name="test_empty_section_indices" time="0.000" /><testcase classname="tests.rag.test_chroma_store.TestChunkToDocument" name="test_metadata_keys_present" time="0.000" /><testcase classname="tests.rag.test_chroma_store.TestChunkToDocument" name="test_chunk_id_in_metadata" time="0.000" /><testcase classname="tests.rag.test_chroma_store.TestChunkToDocument" name="test_char_count_in_metadata" time="0.000" /><testcase classname="tests.rag.test_chroma_store.TestChunkToDocument" name="test_book_title_author_in_metadata" time="0.000" /><testcase classname="tests.rag.test_chroma_store.TestChunkToDocument" name="test_all_metadata_values_are_primitive" time="0.000" /><testcase classname="tests.rag.test_chroma_store.TestIngestChunks" name="test_returns_ingest_result" time="0.011" /><testcase classname="tests.rag.test_chroma_store.TestIngestChunks" name="test_added_equals_total_when_no_existing" time="0.006" /><testcase classname="tests.rag.test_chroma_store.TestIngestChunks" name="test_add_documents_called" time="0.006" /><testcase classname="tests.rag.test_chroma_store.TestIngestChunks" name="test_ids_passed_to_add_documents" time="0.006" /><testcase classname="tests.rag.test_chroma_store.TestIngestChunks" name="test_empty_chunks_returns_zero_added" time="0.005" /><testcase classname="tests.rag.test_chroma_store.TestIngestChunks" name="test_source_in_result" time="0.006" /><testcase classname="tests.rag.test_chroma_store.TestIngestChunks" name="test_collection_name_in_result" time="0.006" /><testcase classname="tests.rag.test_chroma_store.TestIngestChunksDedup" name="test_all_skipped_when_all_existing" time="0.006" /><testcase classname="tests.rag.test_chroma_store.TestIngestChunksDedup" name="test_partial_skip" time="0.006" /><testcase classname="tests.rag.test_chroma_store.TestIngestChunksDedup" name="test_skip_existing_false_ignores_dedup" time="0.006" /><testcase classname="tests.rag.test_chroma_store.TestIngestChunksBatching" name="test_batched_add_documents_calls" time="0.006" /><testcase classname="tests.rag.test_chroma_store.TestIngestChunksBatching" name="test_each_batch_ids_are_correct" time="0.006" /><testcase classname="tests.rag.test_chroma_store.TestDeleteSource" name="test_returns_count_of_deleted" time="0.006" /><testcase classname="tests.rag.test_chroma_store.TestDeleteSource" name="test_collection_delete_called_with_ids" time="0.006" /><testcase classname="tests.rag.test_chroma_store.TestDeleteSource" name="test_no_delete_when_no_matching_ids" time="0.006" /><testcase classname="tests.rag.test_chroma_store.TestDeleteSource" name="test_where_filter_uses_source" time="0.007" /><testcase classname="tests.rag.test_chroma_store.TestSimilaritySearch" name="test_delegates_to_db" time="0.006" /><testcase classname="tests.rag.test_chroma_store.TestSimilaritySearch" name="test_k_passed_through" time="0.005" /><testcase classname="tests.rag.test_chroma_store.TestSimilaritySearch" name="test_filter_passed_through" time="0.006" /><testcase classname="tests.rag.test_chroma_store.TestSimilaritySearchWithScore" name="test_delegates_to_db" time="0.005" /><testcase classname="tests.rag.test_chroma_store.TestSimilaritySearchWithScore" name="test_k_and_filter_passed_through" time="0.005" /><testcase classname="tests.rag.test_chroma_store.TestAsRetriever" name="test_returns_object" time="0.005" /><testcase classname="tests.rag.test_chroma_store.TestAsRetriever" name="test_delegates_kwargs_to_db" time="0.005" /><testcase classname="tests.rag.test_chroma_store.TestGetStats" name="test_returns_dict" time="0.006" /><testcase classname="tests.rag.test_chroma_store.TestGetStats" name="test_total_chunks_field" time="0.005" /><testcase classname="tests.rag.test_chroma_store.TestGetStats" name="test_collection_name_field" time="0.006" /><testcase classname="tests.rag.test_chroma_store.TestGetStats" name="test_persist_directory_field" time="0.006" /><testcase classname="tests.rag.test_chroma_store.TestListSources" name="test_returns_sorted_unique_sources" time="0.005" /><testcase classname="tests.rag.test_chroma_store.TestListSources" name="test_empty_source_excluded" time="0.005" /><testcase classname="tests.rag.test_chroma_store.TestListSources" name="test_empty_collection_returns_empty_list" time="0.006" /><testcase classname="tests.rag.test_chroma_store.TestListSources" name="test_none_metadatas_handled" time="0.005" /><testcase classname="tests.rag.test_chroma_store.TestIngest" name="test_calls_pipeline_in_order" time="0.007" /><testcase classname="tests.rag.test_chroma_store.TestIngest" name="test_returns_ingest_result" time="0.007" /><testcase classname="tests.rag.test_chroma_store.TestResolveDb" name="test_same_collection_returns_default_db" time="0.006" /><testcase classname="tests.rag.test_chroma_store.TestResolveDb" name="test_none_returns_default_db" time="0.005" /><testcase classname="tests.rag.test_chroma_store.TestResolveDb" name="test_different_collection_creates_new_db" time="0.005" /><testcase classname="tests.rag.test_chroma_store.TestBookId" name="test_chunk_to_document_includes_book_id" time="0.000" /><testcase classname="tests.rag.test_chroma_store.TestBookId" name="test_chunk_to_document_default_book_id_empty" time="0.000" /><testcase classname="tests.rag.test_chroma_store.TestBookId" name="test_ingest_returns_correct_book_id" time="0.006" /><testcase classname="tests.rag.test_chroma_store.TestBookId" name="test_ingest_same_file_produces_same_book_id" time="0.006" /><testcase classname="tests.rag.test_chroma_store.TestBookId" name="test_ingest_chunks_returns_book_id" time="0.005" /><testcase classname="tests.rag.test_chroma_store.TestBookId" name="test_list_book_titles_includes_book_id" time="0.005" /><testcase classname="tests.rag.test_chroma_store.TestBookId" name="test_resolve_book_by_id_returns_entry" time="0.006" /><testcase classname="tests.rag.test_chroma_store.TestBookId" name="test_resolve_book_by_id_returns_none_for_unknown" time="0.006" /><testcase classname="tests.rag.test_epub_extractor.TestEpubExtractorMetadata" name="test_extract_returns_book_content" time="0.020" /><testcase classname="tests.rag.test_epub_extractor.TestEpubExtractorMetadata" name="test_metadata_title" time="0.003" /><testcase classname="tests.rag.test_epub_extractor.TestEpubExtractorMetadata" name="test_metadata_author" time="0.002" /><testcase classname="tests.rag.test_epub_extractor.TestEpubExtractorMetadata" name="test_metadata_language" time="0.002" /><testcase classname="tests.rag.test_epub_extractor.TestEpubExtractorMetadata" name="test_get_metadata_standalone" time="0.001" /><testcase classname="tests.rag.test_epub_extractor.TestEpubExtractorMetadata" name="test_source_path" time="0.002" /><testcase classname="tests.rag.test_epub_extractor.TestEpubExtractorSections" name="test_section_count" time="0.002" /><testcase classname="tests.rag.test_epub_extractor.TestEpubExtractorSections" name="test_section_indices_sequential" time="0.002" /><testcase classname="tests.rag.test_epub_extractor.TestEpubExtractorSections" name="test_section_text_not_empty" time="0.002" /><testcase classname="tests.rag.test_epub_extractor.TestEpubExtractorSections" name="test_section_source_href" time="0.002" /><testcase classname="tests.rag.test_epub_extractor.TestEpubExtractorSections" name="test_h1_marked_as_heading" time="0.002" /><testcase classname="tests.rag.test_epub_extractor.TestEpubExtractorSections" name="test_h2_marked_as_heading" time="0.002" /><testcase classname="tests.rag.test_epub_extractor.TestEpubExtractorSections" name="test_paragraph_not_marked_as_heading" time="0.002" /><testcase classname="tests.rag.test_epub_extractor.TestEpubExtractorSections" name="test_block_type_always_zero" time="0.002" /><testcase classname="tests.rag.test_epub_extractor.TestEpubExtractorTOC" name="test_toc_not_empty" time="0.002" /><testcase classname="tests.rag.test_epub_extractor.TestEpubExtractorTOC" name="test_toc_entry_structure" time="0.002" /><testcase classname="tests.rag.test_epub_extractor.TestEpubExtractorTOC" name="test_toc_level1_entries" time="0.002" /><testcase classname="tests.rag.test_epub_extractor.TestEpubExtractorTOC" name="test_toc_level2_entries" time="0.002" /><testcase classname="tests.rag.test_epub_extractor.TestEpubExtractorTOC" name="test_toc_section_index_valid" time="0.002" /><testcase classname="tests.rag.test_epub_extractor.TestEpubExtractorEdgeCases" name="test_file_not_found" time="0.001" /><testcase classname="tests.rag.test_epub_extractor.TestEpubExtractorEdgeCases" name="test_wrong_extension" time="0.001" /><testcase classname="tests.rag.test_epub_extractor.TestEpubExtractorEdgeCases" name="test_empty_chapter_preserved" time="0.007" /><testcase classname="tests.rag.test_epub_extractor.TestBuildSectionMap" name="test_empty_toc_returns_empty_titles" time="0.000" /><testcase classname="tests.rag.test_epub_extractor.TestBuildSectionMap" name="test_chapter_title_assigned" time="0.000" /><testcase classname="tests.rag.test_epub_extractor.TestBuildSectionMap" name="test_section_title_tracks_most_recent_entry" time="0.000" /><testcase classname="tests.rag.test_epub_extractor.TestBuildSectionMap" name="test_entry_beyond_total_sections_skipped" time="0.000" /><testcase classname="tests.rag.test_retriever.TestBM25Retriever" name="test_search_returns_k_results" time="28.062" /><testcase classname="tests.rag.test_retriever.TestBM25Retriever" name="test_search_returns_doc_score_tuples" time="0.001" /><testcase classname="tests.rag.test_retriever.TestBM25Retriever" name="test_search_ranks_relevant_higher" time="0.001" /><testcase classname="tests.rag.test_retriever.TestBM25Retriever" name="test_search_k_larger_than_corpus" time="0.001" /><testcase classname="tests.rag.test_retriever.TestBM25Retriever" name="test_search_empty_corpus" time="0.000" /><testcase classname="tests.rag.test_retriever.TestTokenize" name="test_tokenize_returns_list" time="0.000" /><testcase classname="tests.rag.test_retriever.TestTokenize" name="test_tokenize_non_empty" time="0.000" /><testcase classname="tests.rag.test_retriever.TestQueryRewriter" name="test_rewrite_returns_llm_output" time="0.001" /><testcase classname="tests.rag.test_retriever.TestQueryRewriter" name="test_rewrite_strips_whitespace" time="0.001" /><testcase classname="tests.rag.test_retriever.TestQueryRewriter" name="test_rewrite_falls_back_on_llm_error" time="0.001" /><testcase classname="tests.rag.test_retriever.TestQueryRewriter" name="test_rewrite_calls_llm_once" time="0.001" /><testcase classname="tests.rag.test_retriever.TestParseScores" name="test_parses_standard_format" time="0.001" /><testcase classname="tests.rag.test_retriever.TestParseScores" name="test_parses_chinese_colon" time="0.000" /><testcase classname="tests.rag.test_retriever.TestParseScores" name="test_out_of_range_index_ignored" time="0.000" /><testcase classname="tests.rag.test_retriever.TestParseScores" name="test_missing_entries_default_to_zero" time="0.000" /><testcase classname="tests.rag.test_retriever.TestLLMReranker" name="test_rerank_returns_top_k" time="0.001" /><testcase classname="tests.rag.test_retriever.TestLLMReranker" name="test_rerank_sorts_by_score_desc" time="0.001" /><testcase classname="tests.rag.test_retriever.TestLLMReranker" name="test_rerank_passthrough_when_docs_le_top_k" time="0.001" /><testcase classname="tests.rag.test_retriever.TestLLMReranker" name="test_rerank_fallback_on_llm_error" time="0.001" /><testcase classname="tests.rag.test_retriever.TestRRFFusion" name="test_single_list" time="0.000" /><testcase classname="tests.rag.test_retriever.TestRRFFusion" name="test_two_lists_agree" time="0.000" /><testcase classname="tests.rag.test_retriever.TestRRFFusion" name="test_two_lists_disagree_boosts_second_list_top" time="0.000" /><testcase classname="tests.rag.test_retriever.TestRRFFusion" name="test_empty_lists_return_empty" time="0.000" /><testcase classname="tests.rag.test_retriever.TestRRFFusion" name="test_doc_only_in_one_list" time="0.000" /><testcase classname="tests.rag.test_retriever.TestHybridRetriever" name="test_search_returns_documents" time="0.001" /><testcase classname="tests.rag.test_retriever.TestHybridRetriever" name="test_search_respects_final_k" time="0.001" /><testcase classname="tests.rag.test_retriever.TestHybridRetriever" name="test_search_passes_filter_to_vector" time="0.001" /><testcase classname="tests.rag.test_retriever.TestHybridRetriever" name="test_bm25_index_built_from_get_all_documents" time="0.001" /><testcase classname="tests.rag.test_retriever.TestHybridRetriever" name="test_bm25_lazy_loaded_only_once" time="0.001" /><testcase classname="tests.rag.test_retriever.TestHybridRetriever" name="test_search_with_query_rewrite" time="0.001" /><testcase classname="tests.rag.test_retriever.TestHybridRetriever" name="test_search_deduplicates_docs" time="0.001" /><testcase classname="tests.rag.test_retriever.TestHybridRetriever" name="test_search_empty_results_returns_empty" time="0.000" /><testcase classname="tests.rag.test_text_chunker.TestChunkSection" name="test_returns_list_of_text_chunks" time="0.000" /><testcase classname="tests.rag.test_text_chunker.TestChunkSection" name="test_empty_section_returns_empty_list" time="0.003" /><testcase classname="tests.rag.test_text_chunker.TestChunkSection" name="test_section_indices_correct" time="0.000" /><testcase classname="tests.rag.test_text_chunker.TestChunkSection" name="test_chapter_title_carried_in_metadata" time="0.000" /><testcase classname="tests.rag.test_text_chunker.TestChunkSection" name="test_toc_section_title_fallback" time="0.000" /><testcase classname="tests.rag.test_text_chunker.TestChunkSection" name="test_chunk_id_is_sha256_prefix" time="0.000" /><testcase classname="tests.rag.test_text_chunker.TestChunkSection" name="test_chinese_not_split_mid_sentence" time="0.000" /><testcase classname="tests.rag.test_text_chunker.TestChunkContent" name="test_all_sections_chunked" time="0.000" /><testcase classname="tests.rag.test_text_chunker.TestChunkContent" name="test_chunk_indices_sequential" time="0.000" /><testcase classname="tests.rag.test_text_chunker.TestChunkContent" name="test_book_title_in_metadata" time="0.000" /><testcase classname="tests.rag.test_text_chunker.TestChunkContent" name="test_author_in_metadata" time="0.000" /><testcase classname="tests.rag.test_text_chunker.TestChunkContent" name="test_section_indices_present" time="0.000" /><testcase classname="tests.rag.test_text_chunker.TestChunkText" name="test_basic" time="0.000" /><testcase classname="tests.rag.test_text_chunker.TestChunkText" name="test_section_indices_passed_through" time="0.000" /><testcase classname="tests.rag.test_text_chunker.TestChunkMeta" name="test_to_dict_keys" time="0.000" /><testcase classname="tests.rag.test_text_chunker.TestFulltextMode" name="test_fulltext_chunks_cover_all_sections" time="0.000" /><testcase classname="tests.rag.test_text_cleaner.TestCleanSection" name="test_returns_cleaned_section" time="0.001" /><testcase classname="tests.rag.test_text_cleaner.TestCleanSection" name="test_section_index_preserved" time="0.000" /><testcase classname="tests.rag.test_text_cleaner.TestCleanSection" name="test_text_not_empty_for_non_empty_section" time="0.000" /><testcase classname="tests.rag.test_text_cleaner.TestCleanSection" name="test_source_section_reference" time="0.000" /><testcase classname="tests.rag.test_text_cleaner.TestCleanSection" name="test_chapter_title_empty_when_called_standalone" time="0.000" /><testcase classname="tests.rag.test_text_cleaner.TestCleanSection" name="test_blocks_have_start_offset" time="0.000" /><testcase classname="tests.rag.test_text_cleaner.TestCleanSection" name="test_noise_blocks_filtered" time="0.000" /><testcase classname="tests.rag.test_text_cleaner.TestCleanSection" name="test_page_number_lines_removed" time="0.000" /><testcase classname="tests.rag.test_text_cleaner.TestCleanContent" name="test_returns_cleaned_book_content" time="0.000" /><testcase classname="tests.rag.test_text_cleaner.TestCleanContent" name="test_section_count_preserved" time="0.000" /><testcase classname="tests.rag.test_text_cleaner.TestCleanContent" name="test_chapter_title_from_toc" time="0.000" /><testcase classname="tests.rag.test_text_cleaner.TestCleanContent" name="test_section_title_tracks_fine_grained_toc" time="0.000" /><testcase classname="tests.rag.test_text_cleaner.TestCleanContent" name="test_second_section_chapter_title" time="0.000" /><testcase classname="tests.rag.test_text_cleaner.TestCleanContent" name="test_no_toc_gives_empty_titles" time="0.000" /><testcase classname="tests.rag.test_text_cleaner.TestCleanContent" name="test_source_preserved" time="0.000" /><testcase classname="tests.rag.test_text_cleaner.TestCleanContent" name="test_full_text_property" time="0.000" /><testcase classname="tests.rag.test_text_cleaner.TestCleanConfig" name="test_default_config_has_no_header_footer_fields" time="0.000" /><testcase classname="tests.services.test_note_service.TestAppendManual" name="test_writes_manual_entry" time="0.015" /><testcase classname="tests.services.test_note_service.TestAppendManual" name="test_appends_to_existing_file" time="0.014" /><testcase classname="tests.services.test_note_service.TestGetNoteContent" name="test_returns_empty_for_nonexistent" time="0.005" /><testcase classname="tests.services.test_note_service.TestGetNoteContent" name="test_returns_file_text" time="0.011" /><testcase classname="tests.services.test_note_service.TestListBooks" name="test_empty_when_no_notes" time="0.005" /><testcase classname="tests.services.test_note_service.TestListBooks" name="test_returns_book_dicts" time="0.008" /><testcase classname="tests.services.test_note_service.TestGetTimeline" name="test_fallback_parses_md_headers" time="0.011" /><testcase classname="tests.services.test_note_service.TestGetTimeline" name="test_fallback_filtered_by_book" time="0.011" /></testsuite></testsuites>