<?xml version="1.0" encoding="utf-8"?><testsuites name="pytest tests"><testsuite name="pytest" errors="0" failures="0" skipped="0" tests="6" time="0.707" timestamp="2026-08-25T01:22:10.034120+08:00" hostname="CYJHX59G7X"><testcase classname="tests.security.test_security.TestInputSafetyFilter" name="test_prompt_injection_defense" time="0.037" /><testcase classname="tests.security.test_security.TestInputSafetyFilter" name="test_secrets_leakage_defense" time="0.009" /><testcase classname="tests.security.test_security.TestInputSafetyFilter" name="test_filesystem_access_defense" time="0.010" /><testcase classname="tests.security.test_security.TestInputSafetyFilter" name="test_code_execution_defense" time="0.011" /><testcase classname="tests.security.test_security.TestInputSafetyFilter" name="test_offtopic_soft_warning" time="0.387" /><testcase classname="tests.security.test_security.TestInputSafetyFilter" name="test_normal_safe_input" time="0.033" /></testsuite></testsuites>