<?xml version="1.0" encoding="utf-8"?><testsuites name="pytest tests"><testsuite name="pytest" errors="0" failures="0" skipped="0" tests="6" time="0.215" timestamp="2026-05-30T11:59:54.384083+08:00" hostname="CYJHX59G7X"><testcase classname="tests.security.test_security.TestInputSafetyFilter" name="test_prompt_injection_defense" time="0.076" /><testcase classname="tests.security.test_security.TestInputSafetyFilter" name="test_secrets_leakage_defense" time="0.017" /><testcase classname="tests.security.test_security.TestInputSafetyFilter" name="test_filesystem_access_defense" time="0.024" /><testcase classname="tests.security.test_security.TestInputSafetyFilter" name="test_code_execution_defense" time="0.026" /><testcase classname="tests.security.test_security.TestInputSafetyFilter" name="test_offtopic_soft_warning" time="0.008" /><testcase classname="tests.security.test_security.TestInputSafetyFilter" name="test_normal_safe_input" time="0.025" /></testsuite></testsuites>